<?xml version="1.0" encoding="UTF-8" ?>
<testsuite failures="0" time="5.359" errors="0" skipped="0" tests="6" name="com.apress.hibernaterecipes.chapter1.model.Recipe1SessionTest">
  <properties>
    <property name="java.runtime.name" value="Java(TM) SE Runtime Environment"/>
    <property name="sun.boot.library.path" value="E:\Program Files\Java\jdk1.7.0\jre\bin"/>
    <property name="java.vm.version" value="16.0-b06"/>
    <property name="java.vm.vendor" value="Sun Microsystems Inc."/>
    <property name="java.vendor.url" value="http://java.sun.com/"/>
    <property name="path.separator" value=";"/>
    <property name="guice.disable.misplaced.annotation.check" value="true"/>
    <property name="java.vm.name" value="Java HotSpot(TM) Client VM"/>
    <property name="file.encoding.pkg" value="sun.io"/>
    <property name="user.country" value="US"/>
    <property name="sun.java.launcher" value="SUN_STANDARD"/>
    <property name="sun.os.patch.level" value=""/>
    <property name="java.vm.specification.name" value="Java Virtual Machine Specification"/>
    <property name="user.dir" value="E:\workspace-sts-3.5.1.RELEASE\hearttwo\tree\treedomain"/>
    <property name="java.runtime.version" value="1.7.0-ea-b65"/>
    <property name="java.awt.graphicsenv" value="sun.awt.Win32GraphicsEnvironment"/>
    <property name="java.endorsed.dirs" value="E:\Program Files\Java\jdk1.7.0\jre\lib\endorsed"/>
    <property name="os.arch" value="x86"/>
    <property name="java.io.tmpdir" value="C:\Users\Rupen\AppData\Local\Temp\"/>
    <property name="line.separator" value="
"/>
    <property name="java.vm.specification.vendor" value="Sun Microsystems Inc."/>
    <property name="user.variant" value=""/>
    <property name="os.name" value="Windows 7"/>
    <property name="classworlds.conf" value="E:\workspace-sts-3.5.1.RELEASE\hearttwo\.metadata\.plugins\org.eclipse.m2e.launching\launches\m2conf4769925238673753170.tmp"/>
    <property name="sun.jnu.encoding" value="Cp1252"/>
    <property name="java.library.path" value="E:\Program Files\Java\jdk1.7.0\bin;.;C:\Windows\Sun\Java\bin;C:\Windows\system32;C:\Windows;E:/Program Files/Java/jdk1.7.0/bin/../jre/bin/client;E:/Program Files/Java/jdk1.7.0/bin/../jre/bin;E:/Program Files/Java/jdk1.7.0/bin/../jre/lib/i386;E:\Soft Usage Location\apache-tomcat-7.0.30-windows-x86\apache-tomcat-7.0.30\bin;E:\gradle-2.2.1-all\gradle-2.2.1\bin;E:\Soft Usage Location\apache-maven-3.3.3\bin;E:\Program Files\Java\jdk1.7.0\bin;E:\oraclexe\app\oracle\product\10.2.0\server\bin;C:\Windows\system32;C:\Windows;C:\Windows\System32\Wbem;C:\Windows\System32\WindowsPowerShell\v1.0\;E:\Program Files\TortoiseSVN\bin;E:\Program Files\Microsoft SQL Server\100\Tools\Binn\;E:\Program Files\Microsoft SQL Server\100\DTS\Binn\;E:\Program Files\Microsoft SQL Server\100\Tools\Binn\VSShell\Common7\IDE\;C:\Program Files\QuickTime\QTSystem\;C:\Program Files\TortoiseGit\bin;C:\Program Files\MySQL\MySQL Server 5.5\bin;E:\spring-tool-suite-3.5.1.RELEASE-e4.3.2-win32\sts-bundle\sts-3.5.1.RELEASE;"/>
    <property name="java.specification.name" value="Java Platform API Specification"/>
    <property name="java.class.version" value="51.0"/>
    <property name="sun.management.compiler" value="HotSpot Client Compiler"/>
    <property name="os.version" value="6.1"/>
    <property name="user.home" value="C:\Users\Rupen"/>
    <property name="user.timezone" value="Asia/Calcutta"/>
    <property name="java.awt.printerjob" value="sun.awt.windows.WPrinterJob"/>
    <property name="file.encoding" value="Cp1252"/>
    <property name="java.specification.version" value="1.7"/>
    <property name="user.name" value="Rupen"/>
    <property name="java.class.path" value="/E:/spring-tool-suite-3.5.1.RELEASE-e4.3.2-win32/sts-bundle/sts-3.5.1.RELEASE/configuration/org.eclipse.osgi/bundles/583/1/.cp/jars/plexus-classworlds-2.4.jar"/>
    <property name="java.vm.specification.version" value="1.0"/>
    <property name="sun.arch.data.model" value="32"/>
    <property name="java.home" value="E:\Program Files\Java\jdk1.7.0\jre"/>
    <property name="java.specification.vendor" value="Sun Microsystems Inc."/>
    <property name="user.language" value="en"/>
    <property name="awt.toolkit" value="sun.awt.windows.WToolkit"/>
    <property name="java.vm.info" value="mixed mode, sharing"/>
    <property name="java.version" value="1.7.0-ea"/>
    <property name="java.ext.dirs" value="E:\Program Files\Java\jdk1.7.0\jre\lib\ext;C:\Windows\Sun\Java\lib\ext"/>
    <property name="sun.boot.class.path" value="E:\Program Files\Java\jdk1.7.0\jre\lib\resources.jar;E:\Program Files\Java\jdk1.7.0\jre\lib\rt.jar;E:\Program Files\Java\jdk1.7.0\jre\lib\sunrsasign.jar;E:\Program Files\Java\jdk1.7.0\jre\lib\jsse.jar;E:\Program Files\Java\jdk1.7.0\jre\lib\jce.jar;E:\Program Files\Java\jdk1.7.0\jre\lib\charsets.jar;E:\Program Files\Java\jdk1.7.0\jre\classes"/>
    <property name="java.vendor" value="Sun Microsystems Inc."/>
    <property name="maven.home" value="E:\workspace-sts-3.5.1.RELEASE\hearttwo\tree\treedomain\EMBEDDED"/>
    <property name="file.separator" value="\"/>
    <property name="java.vendor.url.bug" value="http://java.sun.com/cgi-bin/bugreport.cgi"/>
    <property name="maven.bootclasspath" value="/E:/spring-tool-suite-3.5.1.RELEASE-e4.3.2-win32/sts-bundle/sts-3.5.1.RELEASE/configuration/org.eclipse.osgi/bundles/583/1/.cp/jars/plexus-classworlds-2.4.jar"/>
    <property name="sun.cpu.endian" value="little"/>
    <property name="sun.io.unicode.encoding" value="UnicodeLittle"/>
    <property name="sun.desktop" value="windows"/>
    <property name="sun.cpu.isalist" value="pentium_pro+mmx pentium_pro pentium+mmx pentium i486 i386 i86"/>
  </properties>
  <testcase time="0.14" classname="com.apress.hibernaterecipes.chapter1.model.Recipe1SessionTest" name="showSafeExecution"/>
  <testcase time="0.125" classname="com.apress.hibernaterecipes.chapter1.model.Recipe1SessionTest" name="testCreate"/>
  <testcase time="0.125" classname="com.apress.hibernaterecipes.chapter1.model.Recipe1SessionTest" name="testCreateObjectGraph"/>
  <testcase time="0.109" classname="com.apress.hibernaterecipes.chapter1.model.Recipe1SessionTest" name="testDelete"/>
  <testcase time="0.125" classname="com.apress.hibernaterecipes.chapter1.model.Recipe1SessionTest" name="testUpdate"/>
  <testcase time="0.094" classname="com.apress.hibernaterecipes.chapter1.model.Recipe1SessionTest" name="testUpdateDetachedObject"/>
</testsuite>