<?xml version="1.0" encoding="UTF-8"?>
<!-- Generated by org.testng.reporters.JUnitReportReporter -->
<testsuite hostname="Rupen-PC" name="com.apress.hibernaterecipes.chapter1.model.Recipe1SessionTest" tests="6" failures="0" timestamp="27 Jul 2015 16:55:03 GMT" time="4.750" errors="0">
  <testcase name="showSafeExecution" time="0.171" classname="com.apress.hibernaterecipes.chapter1.model.Recipe1SessionTest"/>
  <testcase name="testCreateObjectGraph" time="0.140" classname="com.apress.hibernaterecipes.chapter1.model.Recipe1SessionTest"/>
  <testcase name="testUpdate" time="0.173" classname="com.apress.hibernaterecipes.chapter1.model.Recipe1SessionTest"/>
  <testcase name="testCreate" time="0.172" classname="com.apress.hibernaterecipes.chapter1.model.Recipe1SessionTest"/>
  <testcase name="testDelete" time="3.953" classname="com.apress.hibernaterecipes.chapter1.model.Recipe1SessionTest"/>
  <testcase name="testUpdateDetachedObject" time="0.141" classname="com.apress.hibernaterecipes.chapter1.model.Recipe1SessionTest"/>
</testsuite> <!-- com.apress.hibernaterecipes.chapter1.model.Recipe1SessionTest -->
